[1.056s] Invoking command in '/uolstore/home/users/fy22risa/ros2_ws/src/ros2_project_fy22risa': PS1=[COMP3631] Singularity> \w $ PYTHONPATH=/uolstore/home/users/fy22risa/ros2_ws/src/ros2_project_fy22risa/build/ros2_project_fy22risa/prefix_override:/uolstore/home/users/fy22risa/ros2_ws/src/ros2_project_fy22risa/install/ros2_project_fy22risa/lib/python3.10/site-packages:${PYTHONPATH} /usr/bin/python3 setup.py egg_info --egg-base build/ros2_project_fy22risa build --build-base /uolstore/home/users/fy22risa/ros2_ws/src/ros2_project_fy22risa/build/ros2_project_fy22risa/build install --record /uolstore/home/users/fy22risa/ros2_ws/src/ros2_project_fy22risa/build/ros2_project_fy22risa/install.log --single-version-externally-managed
[1.365s] running egg_info
[1.366s] creating build/ros2_project_fy22risa/ros2_project_fy22risa.egg-info
[1.368s] writing build/ros2_project_fy22risa/ros2_project_fy22risa.egg-info/PKG-INFO
[1.372s] writing dependency_links to build/ros2_project_fy22risa/ros2_project_fy22risa.egg-info/dependency_links.txt
[1.376s] writing entry points to build/ros2_project_fy22risa/ros2_project_fy22risa.egg-info/entry_points.txt
[1.378s] writing requirements to build/ros2_project_fy22risa/ros2_project_fy22risa.egg-info/requires.txt
[1.379s] writing top-level names to build/ros2_project_fy22risa/ros2_project_fy22risa.egg-info/top_level.txt
[1.382s] writing manifest file 'build/ros2_project_fy22risa/ros2_project_fy22risa.egg-info/SOURCES.txt'
[1.387s] reading manifest file 'build/ros2_project_fy22risa/ros2_project_fy22risa.egg-info/SOURCES.txt'
[1.390s] writing manifest file 'build/ros2_project_fy22risa/ros2_project_fy22risa.egg-info/SOURCES.txt'
[1.391s] running build
[1.391s] running build_py
[1.393s] creating /uolstore/home/users/fy22risa/ros2_ws/src/ros2_project_fy22risa/build/ros2_project_fy22risa/build
[1.393s] creating /uolstore/home/users/fy22risa/ros2_ws/src/ros2_project_fy22risa/build/ros2_project_fy22risa/build/lib
[1.395s] creating /uolstore/home/users/fy22risa/ros2_ws/src/ros2_project_fy22risa/build/ros2_project_fy22risa/build/lib/ros2_project_fy22risa
[1.397s] copying ros2_project_fy22risa/Skeleton_Code_First_Step.py -> /uolstore/home/users/fy22risa/ros2_ws/src/ros2_project_fy22risa/build/ros2_project_fy22risa/build/lib/ros2_project_fy22risa
[1.401s] copying ros2_project_fy22risa/Skeleton_Code_Fourth_Step.py -> /uolstore/home/users/fy22risa/ros2_ws/src/ros2_project_fy22risa/build/ros2_project_fy22risa/build/lib/ros2_project_fy22risa
[1.405s] copying ros2_project_fy22risa/Skeleton_Code_Second_Step.py -> /uolstore/home/users/fy22risa/ros2_ws/src/ros2_project_fy22risa/build/ros2_project_fy22risa/build/lib/ros2_project_fy22risa
[1.409s] copying ros2_project_fy22risa/Skeleton_Code_Third_Step.py -> /uolstore/home/users/fy22risa/ros2_ws/src/ros2_project_fy22risa/build/ros2_project_fy22risa/build/lib/ros2_project_fy22risa
[1.414s] copying ros2_project_fy22risa/__init__.py -> /uolstore/home/users/fy22risa/ros2_ws/src/ros2_project_fy22risa/build/ros2_project_fy22risa/build/lib/ros2_project_fy22risa
[1.418s] copying ros2_project_fy22risa/first_step.py -> /uolstore/home/users/fy22risa/ros2_ws/src/ros2_project_fy22risa/build/ros2_project_fy22risa/build/lib/ros2_project_fy22risa
[1.422s] copying ros2_project_fy22risa/second_step.py -> /uolstore/home/users/fy22risa/ros2_ws/src/ros2_project_fy22risa/build/ros2_project_fy22risa/build/lib/ros2_project_fy22risa
[1.426s] copying ros2_project_fy22risa/colour_navigation.py -> /uolstore/home/users/fy22risa/ros2_ws/src/ros2_project_fy22risa/build/ros2_project_fy22risa/build/lib/ros2_project_fy22risa
[1.431s] running install
[1.431s] running install_lib
[1.435s] creating /uolstore/home/users/fy22risa/ros2_ws/src/ros2_project_fy22risa/install/ros2_project_fy22risa/lib/python3.10/site-packages/ros2_project_fy22risa
[1.436s] copying /uolstore/home/users/fy22risa/ros2_ws/src/ros2_project_fy22risa/build/ros2_project_fy22risa/build/lib/ros2_project_fy22risa/Skeleton_Code_First_Step.py -> /uolstore/home/users/fy22risa/ros2_ws/src/ros2_project_fy22risa/install/ros2_project_fy22risa/lib/python3.10/site-packages/ros2_project_fy22risa
[1.442s] copying /uolstore/home/users/fy22risa/ros2_ws/src/ros2_project_fy22risa/build/ros2_project_fy22risa/build/lib/ros2_project_fy22risa/Skeleton_Code_Fourth_Step.py -> /uolstore/home/users/fy22risa/ros2_ws/src/ros2_project_fy22risa/install/ros2_project_fy22risa/lib/python3.10/site-packages/ros2_project_fy22risa
[1.448s] copying /uolstore/home/users/fy22risa/ros2_ws/src/ros2_project_fy22risa/build/ros2_project_fy22risa/build/lib/ros2_project_fy22risa/Skeleton_Code_Second_Step.py -> /uolstore/home/users/fy22risa/ros2_ws/src/ros2_project_fy22risa/install/ros2_project_fy22risa/lib/python3.10/site-packages/ros2_project_fy22risa
[1.453s] copying /uolstore/home/users/fy22risa/ros2_ws/src/ros2_project_fy22risa/build/ros2_project_fy22risa/build/lib/ros2_project_fy22risa/Skeleton_Code_Third_Step.py -> /uolstore/home/users/fy22risa/ros2_ws/src/ros2_project_fy22risa/install/ros2_project_fy22risa/lib/python3.10/site-packages/ros2_project_fy22risa
[1.458s] copying /uolstore/home/users/fy22risa/ros2_ws/src/ros2_project_fy22risa/build/ros2_project_fy22risa/build/lib/ros2_project_fy22risa/__init__.py -> /uolstore/home/users/fy22risa/ros2_ws/src/ros2_project_fy22risa/install/ros2_project_fy22risa/lib/python3.10/site-packages/ros2_project_fy22risa
[1.462s] copying /uolstore/home/users/fy22risa/ros2_ws/src/ros2_project_fy22risa/build/ros2_project_fy22risa/build/lib/ros2_project_fy22risa/first_step.py -> /uolstore/home/users/fy22risa/ros2_ws/src/ros2_project_fy22risa/install/ros2_project_fy22risa/lib/python3.10/site-packages/ros2_project_fy22risa
[1.468s] copying /uolstore/home/users/fy22risa/ros2_ws/src/ros2_project_fy22risa/build/ros2_project_fy22risa/build/lib/ros2_project_fy22risa/second_step.py -> /uolstore/home/users/fy22risa/ros2_ws/src/ros2_project_fy22risa/install/ros2_project_fy22risa/lib/python3.10/site-packages/ros2_project_fy22risa
[1.473s] copying /uolstore/home/users/fy22risa/ros2_ws/src/ros2_project_fy22risa/build/ros2_project_fy22risa/build/lib/ros2_project_fy22risa/colour_navigation.py -> /uolstore/home/users/fy22risa/ros2_ws/src/ros2_project_fy22risa/install/ros2_project_fy22risa/lib/python3.10/site-packages/ros2_project_fy22risa
[1.479s] byte-compiling /uolstore/home/users/fy22risa/ros2_ws/src/ros2_project_fy22risa/install/ros2_project_fy22risa/lib/python3.10/site-packages/ros2_project_fy22risa/Skeleton_Code_First_Step.py to Skeleton_Code_First_Step.cpython-310.pyc
[1.485s] byte-compiling /uolstore/home/users/fy22risa/ros2_ws/src/ros2_project_fy22risa/install/ros2_project_fy22risa/lib/python3.10/site-packages/ros2_project_fy22risa/Skeleton_Code_Fourth_Step.py to Skeleton_Code_Fourth_Step.cpython-310.pyc
[1.491s] byte-compiling /uolstore/home/users/fy22risa/ros2_ws/src/ros2_project_fy22risa/install/ros2_project_fy22risa/lib/python3.10/site-packages/ros2_project_fy22risa/Skeleton_Code_Second_Step.py to Skeleton_Code_Second_Step.cpython-310.pyc
[1.496s] byte-compiling /uolstore/home/users/fy22risa/ros2_ws/src/ros2_project_fy22risa/install/ros2_project_fy22risa/lib/python3.10/site-packages/ros2_project_fy22risa/Skeleton_Code_Third_Step.py to Skeleton_Code_Third_Step.cpython-310.pyc
[1.502s] byte-compiling /uolstore/home/users/fy22risa/ros2_ws/src/ros2_project_fy22risa/install/ros2_project_fy22risa/lib/python3.10/site-packages/ros2_project_fy22risa/__init__.py to __init__.cpython-310.pyc
[1.506s] byte-compiling /uolstore/home/users/fy22risa/ros2_ws/src/ros2_project_fy22risa/install/ros2_project_fy22risa/lib/python3.10/site-packages/ros2_project_fy22risa/first_step.py to first_step.cpython-310.pyc
[1.512s] byte-compiling /uolstore/home/users/fy22risa/ros2_ws/src/ros2_project_fy22risa/install/ros2_project_fy22risa/lib/python3.10/site-packages/ros2_project_fy22risa/second_step.py to second_step.cpython-310.pyc
[1.517s] byte-compiling /uolstore/home/users/fy22risa/ros2_ws/src/ros2_project_fy22risa/install/ros2_project_fy22risa/lib/python3.10/site-packages/ros2_project_fy22risa/colour_navigation.py to colour_navigation.cpython-310.pyc
[1.524s] running install_data
[1.525s] creating /uolstore/home/users/fy22risa/ros2_ws/src/ros2_project_fy22risa/install/ros2_project_fy22risa/share/ament_index
[1.526s] creating /uolstore/home/users/fy22risa/ros2_ws/src/ros2_project_fy22risa/install/ros2_project_fy22risa/share/ament_index/resource_index
[1.527s] creating /uolstore/home/users/fy22risa/ros2_ws/src/ros2_project_fy22risa/install/ros2_project_fy22risa/share/ament_index/resource_index/packages
[1.529s] copying resource/ros2_project_fy22risa -> /uolstore/home/users/fy22risa/ros2_ws/src/ros2_project_fy22risa/install/ros2_project_fy22risa/share/ament_index/resource_index/packages
[1.533s] copying package.xml -> /uolstore/home/users/fy22risa/ros2_ws/src/ros2_project_fy22risa/install/ros2_project_fy22risa/share/ros2_project_fy22risa
[1.537s] running install_egg_info
[1.541s] Copying build/ros2_project_fy22risa/ros2_project_fy22risa.egg-info to /uolstore/home/users/fy22risa/ros2_ws/src/ros2_project_fy22risa/install/ros2_project_fy22risa/lib/python3.10/site-packages/ros2_project_fy22risa-0.0.0-py3.10.egg-info
[1.587s] running install_scripts
[1.606s] Installing colour_navigation script to /uolstore/home/users/fy22risa/ros2_ws/src/ros2_project_fy22risa/install/ros2_project_fy22risa/lib/ros2_project_fy22risa
[1.609s] Installing first_step script to /uolstore/home/users/fy22risa/ros2_ws/src/ros2_project_fy22risa/install/ros2_project_fy22risa/lib/ros2_project_fy22risa
[1.612s] Installing fourth_step script to /uolstore/home/users/fy22risa/ros2_ws/src/ros2_project_fy22risa/install/ros2_project_fy22risa/lib/ros2_project_fy22risa
[1.615s] Installing second_step script to /uolstore/home/users/fy22risa/ros2_ws/src/ros2_project_fy22risa/install/ros2_project_fy22risa/lib/ros2_project_fy22risa
[1.618s] Installing third_step script to /uolstore/home/users/fy22risa/ros2_ws/src/ros2_project_fy22risa/install/ros2_project_fy22risa/lib/ros2_project_fy22risa
[1.621s] writing list of installed files to '/uolstore/home/users/fy22risa/ros2_ws/src/ros2_project_fy22risa/build/ros2_project_fy22risa/install.log'
[1.638s] Invoked command in '/uolstore/home/users/fy22risa/ros2_ws/src/ros2_project_fy22risa' returned '0': PS1=[COMP3631] Singularity> \w $ PYTHONPATH=/uolstore/home/users/fy22risa/ros2_ws/src/ros2_project_fy22risa/build/ros2_project_fy22risa/prefix_override:/uolstore/home/users/fy22risa/ros2_ws/src/ros2_project_fy22risa/install/ros2_project_fy22risa/lib/python3.10/site-packages:${PYTHONPATH} /usr/bin/python3 setup.py egg_info --egg-base build/ros2_project_fy22risa build --build-base /uolstore/home/users/fy22risa/ros2_ws/src/ros2_project_fy22risa/build/ros2_project_fy22risa/build install --record /uolstore/home/users/fy22risa/ros2_ws/src/ros2_project_fy22risa/build/ros2_project_fy22risa/install.log --single-version-externally-managed
