/uolstore/home/users/fy22risa/ros2_ws/src/ros2_project_fy22risa/install/ros2_project_fy22risa/lib/python3.10/site-packages/ros2_project_fy22risa/Skeleton_Code_First_Step.py
/uolstore/home/users/fy22risa/ros2_ws/src/ros2_project_fy22risa/install/ros2_project_fy22risa/lib/python3.10/site-packages/ros2_project_fy22risa/Skeleton_Code_Fourth_Step.py
/uolstore/home/users/fy22risa/ros2_ws/src/ros2_project_fy22risa/install/ros2_project_fy22risa/lib/python3.10/site-packages/ros2_project_fy22risa/Skeleton_Code_Second_Step.py
/uolstore/home/users/fy22risa/ros2_ws/src/ros2_project_fy22risa/install/ros2_project_fy22risa/lib/python3.10/site-packages/ros2_project_fy22risa/Skeleton_Code_Third_Step.py
/uolstore/home/users/fy22risa/ros2_ws/src/ros2_project_fy22risa/install/ros2_project_fy22risa/lib/python3.10/site-packages/ros2_project_fy22risa/__init__.py
/uolstore/home/users/fy22risa/ros2_ws/src/ros2_project_fy22risa/install/ros2_project_fy22risa/lib/python3.10/site-packages/ros2_project_fy22risa/first_step.py
/uolstore/home/users/fy22risa/ros2_ws/src/ros2_project_fy22risa/install/ros2_project_fy22risa/lib/python3.10/site-packages/ros2_project_fy22risa/second_step.py
/uolstore/home/users/fy22risa/ros2_ws/src/ros2_project_fy22risa/install/ros2_project_fy22risa/lib/python3.10/site-packages/ros2_project_fy22risa/colour_navigation.py
/uolstore/home/users/fy22risa/ros2_ws/src/ros2_project_fy22risa/install/ros2_project_fy22risa/lib/python3.10/site-packages/ros2_project_fy22risa/__pycache__/Skeleton_Code_First_Step.cpython-310.pyc
/uolstore/home/users/fy22risa/ros2_ws/src/ros2_project_fy22risa/install/ros2_project_fy22risa/lib/python3.10/site-packages/ros2_project_fy22risa/__pycache__/Skeleton_Code_Fourth_Step.cpython-310.pyc
/uolstore/home/users/fy22risa/ros2_ws/src/ros2_project_fy22risa/install/ros2_project_fy22risa/lib/python3.10/site-packages/ros2_project_fy22risa/__pycache__/Skeleton_Code_Second_Step.cpython-310.pyc
/uolstore/home/users/fy22risa/ros2_ws/src/ros2_project_fy22risa/install/ros2_project_fy22risa/lib/python3.10/site-packages/ros2_project_fy22risa/__pycache__/Skeleton_Code_Third_Step.cpython-310.pyc
/uolstore/home/users/fy22risa/ros2_ws/src/ros2_project_fy22risa/install/ros2_project_fy22risa/lib/python3.10/site-packages/ros2_project_fy22risa/__pycache__/__init__.cpython-310.pyc
/uolstore/home/users/fy22risa/ros2_ws/src/ros2_project_fy22risa/install/ros2_project_fy22risa/lib/python3.10/site-packages/ros2_project_fy22risa/__pycache__/first_step.cpython-310.pyc
/uolstore/home/users/fy22risa/ros2_ws/src/ros2_project_fy22risa/install/ros2_project_fy22risa/lib/python3.10/site-packages/ros2_project_fy22risa/__pycache__/second_step.cpython-310.pyc
/uolstore/home/users/fy22risa/ros2_ws/src/ros2_project_fy22risa/install/ros2_project_fy22risa/lib/python3.10/site-packages/ros2_project_fy22risa/__pycache__/colour_navigation.cpython-310.pyc
/uolstore/home/users/fy22risa/ros2_ws/src/ros2_project_fy22risa/install/ros2_project_fy22risa/share/ament_index/resource_index/packages/ros2_project_fy22risa
/uolstore/home/users/fy22risa/ros2_ws/src/ros2_project_fy22risa/install/ros2_project_fy22risa/share/ros2_project_fy22risa/package.xml
/uolstore/home/users/fy22risa/ros2_ws/src/ros2_project_fy22risa/install/ros2_project_fy22risa/lib/python3.10/site-packages/ros2_project_fy22risa-0.0.0-py3.10.egg-info/PKG-INFO
/uolstore/home/users/fy22risa/ros2_ws/src/ros2_project_fy22risa/install/ros2_project_fy22risa/lib/python3.10/site-packages/ros2_project_fy22risa-0.0.0-py3.10.egg-info/zip-safe
/uolstore/home/users/fy22risa/ros2_ws/src/ros2_project_fy22risa/install/ros2_project_fy22risa/lib/python3.10/site-packages/ros2_project_fy22risa-0.0.0-py3.10.egg-info/dependency_links.txt
/uolstore/home/users/fy22risa/ros2_ws/src/ros2_project_fy22risa/install/ros2_project_fy22risa/lib/python3.10/site-packages/ros2_project_fy22risa-0.0.0-py3.10.egg-info/entry_points.txt
/uolstore/home/users/fy22risa/ros2_ws/src/ros2_project_fy22risa/install/ros2_project_fy22risa/lib/python3.10/site-packages/ros2_project_fy22risa-0.0.0-py3.10.egg-info/requires.txt
/uolstore/home/users/fy22risa/ros2_ws/src/ros2_project_fy22risa/install/ros2_project_fy22risa/lib/python3.10/site-packages/ros2_project_fy22risa-0.0.0-py3.10.egg-info/top_level.txt
/uolstore/home/users/fy22risa/ros2_ws/src/ros2_project_fy22risa/install/ros2_project_fy22risa/lib/python3.10/site-packages/ros2_project_fy22risa-0.0.0-py3.10.egg-info/SOURCES.txt
/uolstore/home/users/fy22risa/ros2_ws/src/ros2_project_fy22risa/install/ros2_project_fy22risa/lib/ros2_project_fy22risa/colour_navigation
/uolstore/home/users/fy22risa/ros2_ws/src/ros2_project_fy22risa/install/ros2_project_fy22risa/lib/ros2_project_fy22risa/first_step
/uolstore/home/users/fy22risa/ros2_ws/src/ros2_project_fy22risa/install/ros2_project_fy22risa/lib/ros2_project_fy22risa/fourth_step
/uolstore/home/users/fy22risa/ros2_ws/src/ros2_project_fy22risa/install/ros2_project_fy22risa/lib/ros2_project_fy22risa/second_step
/uolstore/home/users/fy22risa/ros2_ws/src/ros2_project_fy22risa/install/ros2_project_fy22risa/lib/ros2_project_fy22risa/third_step
