[1.424s] DEBUG:colcon:Command line arguments: ['/usr/bin/colcon', 'build', '--packages-select', 'ros2_project_fy22risa']
[1.424s] DEBUG:colcon:Parsed command line arguments: Namespace(log_base=None, log_level=None, verb_name='build', build_base='build', install_base='install', merge_install=False, symlink_install=False, test_result_base=None, continue_on_error=False, executor='parallel', parallel_workers=16, event_handlers=None, ignore_user_meta=False, metas=['./colcon.meta'], base_paths=['.'], packages_ignore=None, packages_ignore_regex=None, paths=None, packages_up_to=None, packages_up_to_regex=None, packages_above=None, packages_above_and_dependencies=None, packages_above_depth=None, packages_select_by_dep=None, packages_skip_by_dep=None, packages_skip_up_to=None, packages_select_build_failed=False, packages_skip_build_finished=False, packages_select_test_failures=False, packages_skip_test_passed=False, packages_select=['ros2_project_fy22risa'], packages_skip=None, packages_select_regex=None, packages_skip_regex=None, packages_start=None, packages_end=None, allow_overriding=[], cmake_args=None, cmake_target=None, cmake_target_skip_unavailable=False, cmake_clean_cache=False, cmake_clean_first=False, cmake_force_configure=False, ament_cmake_args=None, catkin_cmake_args=None, catkin_skip_building_tests=False, verb_parser=<colcon_defaults.argument_parser.defaults.DefaultArgumentsDecorator object at 0x7fb13b675b70>, verb_extension=<colcon_core.verb.build.BuildVerb object at 0x7fb13bad2230>, main=<bound method BuildVerb.main of <colcon_core.verb.build.BuildVerb object at 0x7fb13bad2230>>)
[1.491s] Level 1:colcon.colcon_core.package_discovery:discover_packages(colcon_meta) check parameters
[1.491s] Level 1:colcon.colcon_core.package_discovery:discover_packages(recursive) check parameters
[1.492s] Level 1:colcon.colcon_core.package_discovery:discover_packages(ignore) check parameters
[1.492s] Level 1:colcon.colcon_core.package_discovery:discover_packages(path) check parameters
[1.492s] Level 1:colcon.colcon_core.package_discovery:discover_packages(colcon_meta) discover
[1.492s] Level 1:colcon.colcon_core.package_discovery:discover_packages(recursive) discover
[1.492s] INFO:colcon.colcon_core.package_discovery:Crawling recursively for packages in '/uolstore/home/users/fy22risa/ros2_ws/src/ros2_project_fy22risa'
[1.493s] Level 1:colcon.colcon_core.package_identification:_identify(.) by extensions ['ignore', 'ignore_ament_install']
[1.493s] Level 1:colcon.colcon_core.package_identification:_identify(.) by extension 'ignore'
[1.493s] Level 1:colcon.colcon_core.package_identification:_identify(.) by extension 'ignore_ament_install'
[1.493s] Level 1:colcon.colcon_core.package_identification:_identify(.) by extensions ['colcon_pkg']
[1.493s] Level 1:colcon.colcon_core.package_identification:_identify(.) by extension 'colcon_pkg'
[1.493s] Level 1:colcon.colcon_core.package_identification:_identify(.) by extensions ['colcon_meta']
[1.493s] Level 1:colcon.colcon_core.package_identification:_identify(.) by extension 'colcon_meta'
[1.493s] Level 1:colcon.colcon_core.package_identification:_identify(.) by extensions ['ros']
[1.493s] Level 1:colcon.colcon_core.package_identification:_identify(.) by extension 'ros'
[1.505s] DEBUG:colcon.colcon_core.package_identification:Package '.' with type 'ros.ament_python' and name 'ros2_project_fy22risa'
[1.505s] Level 1:colcon.colcon_core.package_discovery:discover_packages(recursive) using defaults
[1.505s] Level 1:colcon.colcon_core.package_discovery:discover_packages(ignore) discover
[1.505s] Level 1:colcon.colcon_core.package_discovery:discover_packages(ignore) using defaults
[1.506s] Level 1:colcon.colcon_core.package_discovery:discover_packages(path) discover
[1.506s] Level 1:colcon.colcon_core.package_discovery:discover_packages(path) using defaults
[1.629s] Level 1:colcon.colcon_core.package_discovery:discover_packages(prefix_path) check parameters
[1.629s] Level 1:colcon.colcon_core.package_discovery:discover_packages(prefix_path) discover
[1.690s] DEBUG:colcon.colcon_installed_package_information.package_discovery:Found 1 installed packages in /uolstore/home/users/fy22risa/ros2_ws/src/ros2_project_fy22risa/install
[1.725s] DEBUG:colcon.colcon_installed_package_information.package_discovery:Found 9 installed packages in /uolstore/home/users/fy22risa/ros2_ws/install
[1.750s] DEBUG:colcon.colcon_installed_package_information.package_discovery:Found 383 installed packages in /opt/ros/humble
[1.757s] Level 1:colcon.colcon_core.package_discovery:discover_packages(prefix_path) using defaults
[1.891s] Level 5:colcon.colcon_core.verb:set package 'ros2_project_fy22risa' build argument 'cmake_args' from command line to 'None'
[1.891s] Level 5:colcon.colcon_core.verb:set package 'ros2_project_fy22risa' build argument 'cmake_target' from command line to 'None'
[1.891s] Level 5:colcon.colcon_core.verb:set package 'ros2_project_fy22risa' build argument 'cmake_target_skip_unavailable' from command line to 'False'
[1.891s] Level 5:colcon.colcon_core.verb:set package 'ros2_project_fy22risa' build argument 'cmake_clean_cache' from command line to 'False'
[1.892s] Level 5:colcon.colcon_core.verb:set package 'ros2_project_fy22risa' build argument 'cmake_clean_first' from command line to 'False'
[1.892s] Level 5:colcon.colcon_core.verb:set package 'ros2_project_fy22risa' build argument 'cmake_force_configure' from command line to 'False'
[1.892s] Level 5:colcon.colcon_core.verb:set package 'ros2_project_fy22risa' build argument 'ament_cmake_args' from command line to 'None'
[1.892s] Level 5:colcon.colcon_core.verb:set package 'ros2_project_fy22risa' build argument 'catkin_cmake_args' from command line to 'None'
[1.892s] Level 5:colcon.colcon_core.verb:set package 'ros2_project_fy22risa' build argument 'catkin_skip_building_tests' from command line to 'False'
[1.892s] DEBUG:colcon.colcon_core.verb:Building package 'ros2_project_fy22risa' with the following arguments: {'ament_cmake_args': None, 'build_base': '/uolstore/home/users/fy22risa/ros2_ws/src/ros2_project_fy22risa/build/ros2_project_fy22risa', 'catkin_cmake_args': None, 'catkin_skip_building_tests': False, 'cmake_args': None, 'cmake_clean_cache': False, 'cmake_clean_first': False, 'cmake_force_configure': False, 'cmake_target': None, 'cmake_target_skip_unavailable': False, 'install_base': '/uolstore/home/users/fy22risa/ros2_ws/src/ros2_project_fy22risa/install/ros2_project_fy22risa', 'merge_install': False, 'path': '/uolstore/home/users/fy22risa/ros2_ws/src/ros2_project_fy22risa', 'symlink_install': False, 'test_result_base': None}
[1.914s] INFO:colcon.colcon_core.executor:Executing jobs using 'parallel' executor
[1.937s] DEBUG:colcon.colcon_parallel_executor.executor.parallel:run_until_complete
[1.937s] INFO:colcon.colcon_ros.task.ament_python.build:Building ROS package in '/uolstore/home/users/fy22risa/ros2_ws/src/ros2_project_fy22risa' with build type 'ament_python'
[1.938s] Level 1:colcon.colcon_core.shell:create_environment_hook('ros2_project_fy22risa', 'ament_prefix_path')
[1.962s] INFO:colcon.colcon_core.plugin_system:Skipping extension 'colcon_core.shell.bat': Not used on non-Windows systems
[1.962s] INFO:colcon.colcon_core.shell:Creating environment hook '/uolstore/home/users/fy22risa/ros2_ws/src/ros2_project_fy22risa/install/ros2_project_fy22risa/share/ros2_project_fy22risa/hook/ament_prefix_path.ps1'
[1.966s] INFO:colcon.colcon_core.shell:Creating environment descriptor '/uolstore/home/users/fy22risa/ros2_ws/src/ros2_project_fy22risa/install/ros2_project_fy22risa/share/ros2_project_fy22risa/hook/ament_prefix_path.dsv'
[1.969s] INFO:colcon.colcon_core.shell:Creating environment hook '/uolstore/home/users/fy22risa/ros2_ws/src/ros2_project_fy22risa/install/ros2_project_fy22risa/share/ros2_project_fy22risa/hook/ament_prefix_path.sh'
[1.994s] INFO:colcon.colcon_core.shell:Skip shell extension 'powershell' for command environment: Not usable outside of PowerShell
[1.994s] DEBUG:colcon.colcon_core.shell:Skip shell extension 'dsv' for command environment
[2.428s] INFO:colcon.colcon_core.task.python.build:Building Python package in '/uolstore/home/users/fy22risa/ros2_ws/src/ros2_project_fy22risa'
[2.451s] INFO:colcon.colcon_core.shell:Skip shell extension 'powershell' for command environment: Not usable outside of PowerShell
[2.451s] DEBUG:colcon.colcon_core.shell:Skip shell extension 'dsv' for command environment
[2.994s] DEBUG:colcon.colcon_core.event_handler.log_command:Invoking command in '/uolstore/home/users/fy22risa/ros2_ws/src/ros2_project_fy22risa': PS1=[COMP3631] Singularity> \w $ PYTHONPATH=/uolstore/home/users/fy22risa/ros2_ws/src/ros2_project_fy22risa/build/ros2_project_fy22risa/prefix_override:/uolstore/home/users/fy22risa/ros2_ws/src/ros2_project_fy22risa/install/ros2_project_fy22risa/lib/python3.10/site-packages:${PYTHONPATH} /usr/bin/python3 setup.py egg_info --egg-base build/ros2_project_fy22risa build --build-base /uolstore/home/users/fy22risa/ros2_ws/src/ros2_project_fy22risa/build/ros2_project_fy22risa/build install --record /uolstore/home/users/fy22risa/ros2_ws/src/ros2_project_fy22risa/build/ros2_project_fy22risa/install.log --single-version-externally-managed
[3.449s] DEBUG:colcon.colcon_core.event_handler.log_command:Invoked command in '/uolstore/home/users/fy22risa/ros2_ws/src/ros2_project_fy22risa' returned '0': PS1=[COMP3631] Singularity> \w $ PYTHONPATH=/uolstore/home/users/fy22risa/ros2_ws/src/ros2_project_fy22risa/build/ros2_project_fy22risa/prefix_override:/uolstore/home/users/fy22risa/ros2_ws/src/ros2_project_fy22risa/install/ros2_project_fy22risa/lib/python3.10/site-packages:${PYTHONPATH} /usr/bin/python3 setup.py egg_info --egg-base build/ros2_project_fy22risa build --build-base /uolstore/home/users/fy22risa/ros2_ws/src/ros2_project_fy22risa/build/ros2_project_fy22risa/build install --record /uolstore/home/users/fy22risa/ros2_ws/src/ros2_project_fy22risa/build/ros2_project_fy22risa/install.log --single-version-externally-managed
[3.475s] Level 1:colcon.colcon_core.environment:checking '/uolstore/home/users/fy22risa/ros2_ws/src/ros2_project_fy22risa/install/ros2_project_fy22risa' for CMake module files
[3.478s] Level 1:colcon.colcon_core.environment:checking '/uolstore/home/users/fy22risa/ros2_ws/src/ros2_project_fy22risa/install/ros2_project_fy22risa' for CMake config files
[3.485s] Level 1:colcon.colcon_core.environment:checking '/uolstore/home/users/fy22risa/ros2_ws/src/ros2_project_fy22risa/install/ros2_project_fy22risa/lib'
[3.486s] Level 1:colcon.colcon_core.environment:checking '/uolstore/home/users/fy22risa/ros2_ws/src/ros2_project_fy22risa/install/ros2_project_fy22risa/bin'
[3.486s] Level 1:colcon.colcon_core.environment:checking '/uolstore/home/users/fy22risa/ros2_ws/src/ros2_project_fy22risa/install/ros2_project_fy22risa/lib/pkgconfig/ros2_project_fy22risa.pc'
[3.486s] Level 1:colcon.colcon_core.environment:checking '/uolstore/home/users/fy22risa/ros2_ws/src/ros2_project_fy22risa/install/ros2_project_fy22risa/lib/python3.10/site-packages'
[3.486s] Level 1:colcon.colcon_core.shell:create_environment_hook('ros2_project_fy22risa', 'pythonpath')
[3.508s] INFO:colcon.colcon_core.shell:Creating environment hook '/uolstore/home/users/fy22risa/ros2_ws/src/ros2_project_fy22risa/install/ros2_project_fy22risa/share/ros2_project_fy22risa/hook/pythonpath.ps1'
[3.511s] INFO:colcon.colcon_core.shell:Creating environment descriptor '/uolstore/home/users/fy22risa/ros2_ws/src/ros2_project_fy22risa/install/ros2_project_fy22risa/share/ros2_project_fy22risa/hook/pythonpath.dsv'
[3.514s] INFO:colcon.colcon_core.shell:Creating environment hook '/uolstore/home/users/fy22risa/ros2_ws/src/ros2_project_fy22risa/install/ros2_project_fy22risa/share/ros2_project_fy22risa/hook/pythonpath.sh'
[3.517s] Level 1:colcon.colcon_core.environment:checking '/uolstore/home/users/fy22risa/ros2_ws/src/ros2_project_fy22risa/install/ros2_project_fy22risa/bin'
[3.517s] Level 1:colcon.colcon_core.environment:create_environment_scripts_only(ros2_project_fy22risa)
[3.540s] INFO:colcon.colcon_core.shell:Creating package script '/uolstore/home/users/fy22risa/ros2_ws/src/ros2_project_fy22risa/install/ros2_project_fy22risa/share/ros2_project_fy22risa/package.ps1'
[3.543s] INFO:colcon.colcon_core.shell:Creating package descriptor '/uolstore/home/users/fy22risa/ros2_ws/src/ros2_project_fy22risa/install/ros2_project_fy22risa/share/ros2_project_fy22risa/package.dsv'
[3.546s] INFO:colcon.colcon_core.shell:Creating package script '/uolstore/home/users/fy22risa/ros2_ws/src/ros2_project_fy22risa/install/ros2_project_fy22risa/share/ros2_project_fy22risa/package.sh'
[3.549s] INFO:colcon.colcon_core.shell:Creating package script '/uolstore/home/users/fy22risa/ros2_ws/src/ros2_project_fy22risa/install/ros2_project_fy22risa/share/ros2_project_fy22risa/package.bash'
[3.552s] INFO:colcon.colcon_core.shell:Creating package script '/uolstore/home/users/fy22risa/ros2_ws/src/ros2_project_fy22risa/install/ros2_project_fy22risa/share/ros2_project_fy22risa/package.zsh'
[3.555s] Level 1:colcon.colcon_core.environment:create_file_with_runtime_dependencies(/uolstore/home/users/fy22risa/ros2_ws/src/ros2_project_fy22risa/install/ros2_project_fy22risa/share/colcon-core/packages/ros2_project_fy22risa)
[3.556s] DEBUG:colcon.colcon_parallel_executor.executor.parallel:closing loop
[3.556s] DEBUG:colcon.colcon_parallel_executor.executor.parallel:loop closed
[3.557s] DEBUG:colcon.colcon_parallel_executor.executor.parallel:run_until_complete finished with '0'
[3.557s] DEBUG:colcon.colcon_core.event_reactor:joining thread
[3.590s] INFO:colcon.colcon_core.plugin_system:Skipping extension 'colcon_notification.desktop_notification.notify_send': Could not find 'notify-send'
[3.590s] INFO:colcon.colcon_core.plugin_system:Skipping extension 'colcon_notification.desktop_notification.terminal_notifier': Not used on non-Darwin systems
[3.591s] INFO:colcon.colcon_core.plugin_system:Skipping extension 'colcon_notification.desktop_notification.win32': Not used on non-Windows systems
[3.591s] INFO:colcon.colcon_notification.desktop_notification:Sending desktop notification using 'notify2'
[3.598s] DEBUG:colcon.colcon_core.event_reactor:joined thread
[3.621s] INFO:colcon.colcon_core.shell:Creating prefix script '/uolstore/home/users/fy22risa/ros2_ws/src/ros2_project_fy22risa/install/local_setup.ps1'
[3.624s] INFO:colcon.colcon_core.shell:Creating prefix util module '/uolstore/home/users/fy22risa/ros2_ws/src/ros2_project_fy22risa/install/_local_setup_util_ps1.py'
[3.628s] INFO:colcon.colcon_core.shell:Creating prefix chain script '/uolstore/home/users/fy22risa/ros2_ws/src/ros2_project_fy22risa/install/setup.ps1'
[3.664s] INFO:colcon.colcon_core.shell:Creating prefix script '/uolstore/home/users/fy22risa/ros2_ws/src/ros2_project_fy22risa/install/local_setup.sh'
[3.667s] INFO:colcon.colcon_core.shell:Creating prefix util module '/uolstore/home/users/fy22risa/ros2_ws/src/ros2_project_fy22risa/install/_local_setup_util_sh.py'
[3.670s] INFO:colcon.colcon_core.shell:Creating prefix chain script '/uolstore/home/users/fy22risa/ros2_ws/src/ros2_project_fy22risa/install/setup.sh'
[3.707s] INFO:colcon.colcon_core.shell:Creating prefix script '/uolstore/home/users/fy22risa/ros2_ws/src/ros2_project_fy22risa/install/local_setup.bash'
[3.710s] INFO:colcon.colcon_core.shell:Creating prefix chain script '/uolstore/home/users/fy22risa/ros2_ws/src/ros2_project_fy22risa/install/setup.bash'
[3.745s] INFO:colcon.colcon_core.shell:Creating prefix script '/uolstore/home/users/fy22risa/ros2_ws/src/ros2_project_fy22risa/install/local_setup.zsh'
[3.749s] INFO:colcon.colcon_core.shell:Creating prefix chain script '/uolstore/home/users/fy22risa/ros2_ws/src/ros2_project_fy22risa/install/setup.zsh'
