[1.055s] Invoking command in '/uolstore/home/users/fy22risa/ros2_ws/src/ros2_project_fy22risa': PS1=[COMP3631] Singularity> \w $ PYTHONPATH=/uolstore/home/users/fy22risa/ros2_ws/src/ros2_project_fy22risa/build/ros2_project_fy22risa/prefix_override:/uolstore/home/users/fy22risa/ros2_ws/src/ros2_project_fy22risa/install/ros2_project_fy22risa/lib/python3.10/site-packages:${PYTHONPATH} /usr/bin/python3 setup.py egg_info --egg-base build/ros2_project_fy22risa build --build-base /uolstore/home/users/fy22risa/ros2_ws/src/ros2_project_fy22risa/build/ros2_project_fy22risa/build install --record /uolstore/home/users/fy22risa/ros2_ws/src/ros2_project_fy22risa/build/ros2_project_fy22risa/install.log --single-version-externally-managed
[1.364s] running egg_info
[1.365s] writing build/ros2_project_fy22risa/ros2_project_fy22risa.egg-info/PKG-INFO
[1.369s] writing dependency_links to build/ros2_project_fy22risa/ros2_project_fy22risa.egg-info/dependency_links.txt
[1.372s] writing entry points to build/ros2_project_fy22risa/ros2_project_fy22risa.egg-info/entry_points.txt
[1.376s] writing requirements to build/ros2_project_fy22risa/ros2_project_fy22risa.egg-info/requires.txt
[1.378s] writing top-level names to build/ros2_project_fy22risa/ros2_project_fy22risa.egg-info/top_level.txt
[1.384s] reading manifest file 'build/ros2_project_fy22risa/ros2_project_fy22risa.egg-info/SOURCES.txt'
[1.387s] writing manifest file 'build/ros2_project_fy22risa/ros2_project_fy22risa.egg-info/SOURCES.txt'
[1.389s] running build
[1.389s] running build_py
[1.393s] copying ros2_project_fy22risa/colour_navigation.py -> /uolstore/home/users/fy22risa/ros2_ws/src/ros2_project_fy22risa/build/ros2_project_fy22risa/build/lib/ros2_project_fy22risa
[1.398s] running install
[1.399s] running install_lib
[1.404s] copying /uolstore/home/users/fy22risa/ros2_ws/src/ros2_project_fy22risa/build/ros2_project_fy22risa/build/lib/ros2_project_fy22risa/colour_navigation.py -> /uolstore/home/users/fy22risa/ros2_ws/src/ros2_project_fy22risa/install/ros2_project_fy22risa/lib/python3.10/site-packages/ros2_project_fy22risa
[1.414s] byte-compiling /uolstore/home/users/fy22risa/ros2_ws/src/ros2_project_fy22risa/install/ros2_project_fy22risa/lib/python3.10/site-packages/ros2_project_fy22risa/colour_navigation.py to colour_navigation.cpython-310.pyc
[1.421s] running install_data
[1.422s] running install_egg_info
[1.424s] removing '/uolstore/home/users/fy22risa/ros2_ws/src/ros2_project_fy22risa/install/ros2_project_fy22risa/lib/python3.10/site-packages/ros2_project_fy22risa-0.0.0-py3.10.egg-info' (and everything under it)
[1.433s] Copying build/ros2_project_fy22risa/ros2_project_fy22risa.egg-info to /uolstore/home/users/fy22risa/ros2_ws/src/ros2_project_fy22risa/install/ros2_project_fy22risa/lib/python3.10/site-packages/ros2_project_fy22risa-0.0.0-py3.10.egg-info
[1.474s] running install_scripts
[1.493s] Installing colour_navigation script to /uolstore/home/users/fy22risa/ros2_ws/src/ros2_project_fy22risa/install/ros2_project_fy22risa/lib/ros2_project_fy22risa
[1.495s] Installing first_step script to /uolstore/home/users/fy22risa/ros2_ws/src/ros2_project_fy22risa/install/ros2_project_fy22risa/lib/ros2_project_fy22risa
[1.498s] Installing fourth_step script to /uolstore/home/users/fy22risa/ros2_ws/src/ros2_project_fy22risa/install/ros2_project_fy22risa/lib/ros2_project_fy22risa
[1.501s] Installing second_step script to /uolstore/home/users/fy22risa/ros2_ws/src/ros2_project_fy22risa/install/ros2_project_fy22risa/lib/ros2_project_fy22risa
[1.504s] Installing third_step script to /uolstore/home/users/fy22risa/ros2_ws/src/ros2_project_fy22risa/install/ros2_project_fy22risa/lib/ros2_project_fy22risa
[1.508s] writing list of installed files to '/uolstore/home/users/fy22risa/ros2_ws/src/ros2_project_fy22risa/build/ros2_project_fy22risa/install.log'
[1.524s] Invoked command in '/uolstore/home/users/fy22risa/ros2_ws/src/ros2_project_fy22risa' returned '0': PS1=[COMP3631] Singularity> \w $ PYTHONPATH=/uolstore/home/users/fy22risa/ros2_ws/src/ros2_project_fy22risa/build/ros2_project_fy22risa/prefix_override:/uolstore/home/users/fy22risa/ros2_ws/src/ros2_project_fy22risa/install/ros2_project_fy22risa/lib/python3.10/site-packages:${PYTHONPATH} /usr/bin/python3 setup.py egg_info --egg-base build/ros2_project_fy22risa build --build-base /uolstore/home/users/fy22risa/ros2_ws/src/ros2_project_fy22risa/build/ros2_project_fy22risa/build install --record /uolstore/home/users/fy22risa/ros2_ws/src/ros2_project_fy22risa/build/ros2_project_fy22risa/install.log --single-version-externally-managed
