[1.056s] Invoking command in '/uolstore/home/users/fy22risa/ros2_ws/src/ros2_project_fy22risa': PS1=[COMP3631] Singularity> \w $ PYTHONPATH=/uolstore/home/users/fy22risa/ros2_ws/src/ros2_project_fy22risa/build/ros2_project_fy22risa/prefix_override:/uolstore/home/users/fy22risa/ros2_ws/src/ros2_project_fy22risa/install/ros2_project_fy22risa/lib/python3.10/site-packages:${PYTHONPATH} /usr/bin/python3 setup.py egg_info --egg-base build/ros2_project_fy22risa build --build-base /uolstore/home/users/fy22risa/ros2_ws/src/ros2_project_fy22risa/build/ros2_project_fy22risa/build install --record /uolstore/home/users/fy22risa/ros2_ws/src/ros2_project_fy22risa/build/ros2_project_fy22risa/install.log --single-version-externally-managed
[1.368s] running egg_info
[1.369s] writing build/ros2_project_fy22risa/ros2_project_fy22risa.egg-info/PKG-INFO
[1.373s] writing dependency_links to build/ros2_project_fy22risa/ros2_project_fy22risa.egg-info/dependency_links.txt
[1.376s] writing entry points to build/ros2_project_fy22risa/ros2_project_fy22risa.egg-info/entry_points.txt
[1.378s] writing requirements to build/ros2_project_fy22risa/ros2_project_fy22risa.egg-info/requires.txt
[1.381s] writing top-level names to build/ros2_project_fy22risa/ros2_project_fy22risa.egg-info/top_level.txt
[1.391s] reading manifest file 'build/ros2_project_fy22risa/ros2_project_fy22risa.egg-info/SOURCES.txt'
[1.393s] writing manifest file 'build/ros2_project_fy22risa/ros2_project_fy22risa.egg-info/SOURCES.txt'
[1.395s] running build
[1.395s] running build_py
[1.400s] running install
[1.401s] running install_lib
[1.409s] running install_data
[1.409s] running install_egg_info
[1.411s] removing '/uolstore/home/users/fy22risa/ros2_ws/src/ros2_project_fy22risa/install/ros2_project_fy22risa/lib/python3.10/site-packages/ros2_project_fy22risa-0.0.0-py3.10.egg-info' (and everything under it)
[1.420s] Copying build/ros2_project_fy22risa/ros2_project_fy22risa.egg-info to /uolstore/home/users/fy22risa/ros2_ws/src/ros2_project_fy22risa/install/ros2_project_fy22risa/lib/python3.10/site-packages/ros2_project_fy22risa-0.0.0-py3.10.egg-info
[1.460s] running install_scripts
[1.479s] Installing colour_navigation script to /uolstore/home/users/fy22risa/ros2_ws/src/ros2_project_fy22risa/install/ros2_project_fy22risa/lib/ros2_project_fy22risa
[1.482s] Installing first_step script to /uolstore/home/users/fy22risa/ros2_ws/src/ros2_project_fy22risa/install/ros2_project_fy22risa/lib/ros2_project_fy22risa
[1.485s] Installing fourth_step script to /uolstore/home/users/fy22risa/ros2_ws/src/ros2_project_fy22risa/install/ros2_project_fy22risa/lib/ros2_project_fy22risa
[1.488s] Installing second_step script to /uolstore/home/users/fy22risa/ros2_ws/src/ros2_project_fy22risa/install/ros2_project_fy22risa/lib/ros2_project_fy22risa
[1.491s] Installing third_step script to /uolstore/home/users/fy22risa/ros2_ws/src/ros2_project_fy22risa/install/ros2_project_fy22risa/lib/ros2_project_fy22risa
[1.494s] writing list of installed files to '/uolstore/home/users/fy22risa/ros2_ws/src/ros2_project_fy22risa/build/ros2_project_fy22risa/install.log'
[1.511s] Invoked command in '/uolstore/home/users/fy22risa/ros2_ws/src/ros2_project_fy22risa' returned '0': PS1=[COMP3631] Singularity> \w $ PYTHONPATH=/uolstore/home/users/fy22risa/ros2_ws/src/ros2_project_fy22risa/build/ros2_project_fy22risa/prefix_override:/uolstore/home/users/fy22risa/ros2_ws/src/ros2_project_fy22risa/install/ros2_project_fy22risa/lib/python3.10/site-packages:${PYTHONPATH} /usr/bin/python3 setup.py egg_info --egg-base build/ros2_project_fy22risa build --build-base /uolstore/home/users/fy22risa/ros2_ws/src/ros2_project_fy22risa/build/ros2_project_fy22risa/build install --record /uolstore/home/users/fy22risa/ros2_ws/src/ros2_project_fy22risa/build/ros2_project_fy22risa/install.log --single-version-externally-managed
